<?xml version="1.0" encoding="UTF-8"?>
<testsuite name="com.kodilla.spring.SpringRunnerTestSuite" tests="2" skipped="0" failures="0" errors="0" timestamp="2019-01-24T09:05:50" hostname="DESKTOP-DBPLNO6" time="0.274">
  <properties/>
  <testcase name="testCircleLoadedIntoContainer" classname="com.kodilla.spring.SpringRunnerTestSuite" time="0.137"/>
  <testcase name="testTriangleLoadedIntoContainer" classname="com.kodilla.spring.SpringRunnerTestSuite" time="0.137"/>
  <system-out><![CDATA[2019-01-24 10:05:50.822  INFO 12232 --- [    Test worker] .b.t.c.SpringBootTestContextBootstrapper : Neither @ContextConfiguration nor @ContextHierarchy found for test class [com.kodilla.spring.SpringRunnerTestSuite], using SpringBootContextLoader
2019-01-24 10:05:50.823  INFO 12232 --- [    Test worker] o.s.t.c.support.AbstractContextLoader    : Could not detect default resource locations for test class [com.kodilla.spring.SpringRunnerTestSuite]: no resource found for suffixes {-context.xml, Context.groovy}.
2019-01-24 10:05:50.823  INFO 12232 --- [    Test worker] t.c.s.AnnotationConfigContextLoaderUtils : Could not detect default configuration classes for test class [com.kodilla.spring.SpringRunnerTestSuite]: SpringRunnerTestSuite does not declare any static, non-private, non-final, nested classes annotated with @Configuration.
2019-01-24 10:05:50.829  INFO 12232 --- [    Test worker] .b.t.c.SpringBootTestContextBootstrapper : Found @SpringBootConfiguration com.kodilla.spring.SpringRunner for test class com.kodilla.spring.SpringRunnerTestSuite
2019-01-24 10:05:50.832  INFO 12232 --- [    Test worker] .b.t.c.SpringBootTestContextBootstrapper : Loaded default TestExecutionListener class names from location [META-INF/spring.factories]: [org.springframework.boot.test.autoconfigure.restdocs.RestDocsTestExecutionListener, org.springframework.boot.test.autoconfigure.web.client.MockRestServiceServerResetTestExecutionListener, org.springframework.boot.test.autoconfigure.web.servlet.MockMvcPrintOnlyOnFailureTestExecutionListener, org.springframework.boot.test.autoconfigure.web.servlet.WebDriverTestExecutionListener, org.springframework.boot.test.mock.mockito.MockitoTestExecutionListener, org.springframework.boot.test.mock.mockito.ResetMocksTestExecutionListener, org.springframework.test.context.web.ServletTestExecutionListener, org.springframework.test.context.support.DirtiesContextBeforeModesTestExecutionListener, org.springframework.test.context.support.DependencyInjectionTestExecutionListener, org.springframework.test.context.support.DirtiesContextTestExecutionListener, org.springframework.test.context.transaction.TransactionalTestExecutionListener, org.springframework.test.context.jdbc.SqlScriptsTestExecutionListener]
2019-01-24 10:05:50.833  INFO 12232 --- [    Test worker] .b.t.c.SpringBootTestContextBootstrapper : Using TestExecutionListeners: [org.springframework.test.context.support.DirtiesContextBeforeModesTestExecutionListener@29b60162, org.springframework.boot.test.mock.mockito.MockitoTestExecutionListener@3a1435c8, org.springframework.boot.test.autoconfigure.SpringBootDependencyInjectionTestExecutionListener@473f8401, org.springframework.test.context.support.DirtiesContextTestExecutionListener@572f82da, org.springframework.boot.test.autoconfigure.restdocs.RestDocsTestExecutionListener@4e0b244c, org.springframework.boot.test.autoconfigure.web.client.MockRestServiceServerResetTestExecutionListener@552af230, org.springframework.boot.test.autoconfigure.web.servlet.MockMvcPrintOnlyOnFailureTestExecutionListener@6e0e6b18, org.springframework.boot.test.autoconfigure.web.servlet.WebDriverTestExecutionListener@451c0d51, org.springframework.boot.test.mock.mockito.ResetMocksTestExecutionListener@52a268fa]
2019-01-24 10:05:50.844  INFO 12232 --- [    Test worker] s.c.a.AnnotationConfigApplicationContext : Refreshing org.springframework.context.annotation.AnnotationConfigApplicationContext@501bbbec: startup date [Thu Jan 24 10:05:50 CET 2019]; root of context hierarchy
2019-01-24 10:05:50.970  INFO 12232 --- [    Test worker] o.s.j.e.a.AnnotationMBeanExporter        : Registering beans for JMX exposure on startup
2019-01-24 10:05:50.982  INFO 12232 --- [    Test worker] s.c.a.AnnotationConfigApplicationContext : Refreshing org.springframework.context.annotation.AnnotationConfigApplicationContext@599add1b: startup date [Thu Jan 24 10:05:50 CET 2019]; root of context hierarchy
2019-01-24 10:05:51.108  INFO 12232 --- [    Test worker] o.s.j.e.a.AnnotationMBeanExporter        : Registering beans for JMX exposure on startup
]]></system-out>
  <system-err><![CDATA[]]></system-err>
</testsuite>
