<?xml version="1.0" encoding="UTF-8"?>
<testsuite name="com.kodilla.patterns.builder.bigmac.BigmacTestSuite" tests="1" skipped="0" failures="0" errors="0" timestamp="2019-02-15T13:28:05" hostname="DESKTOP-DBPLNO6" time="0.005">
  <properties/>
  <testcase name="testBigmacNew" classname="com.kodilla.patterns.builder.bigmac.BigmacTestSuite" time="0.005"/>
  <system-out><![CDATA[Bigmac{roll='Sezame', burgers=200, sauce='Barbecue', ingredients=[Becon, Cheese, Onion, Chilli pepper, Salad]}
]]></system-out>
  <system-err><![CDATA[]]></system-err>
</testsuite>
