<?xml version="1.0" encoding="UTF-8"?>
<testsuite name="com.kodilla.patterns.singleton.LoggerTestSuite" tests="1" skipped="0" failures="0" errors="0" timestamp="2019-02-15T13:28:05" hostname="DESKTOP-DBPLNO6" time="0.001">
  <properties/>
  <testcase name="testGetLastLog" classname="com.kodilla.patterns.singleton.LoggerTestSuite" time="0.001"/>
  <system-out><![CDATA[Preparing to execute test #1
Log: [ helloĹ‚ Mateuszu mentorze:)]
]]></system-out>
  <system-err><![CDATA[]]></system-err>
</testsuite>
