<?xml version="1.0" encoding="UTF-8"?>
<testsuite name="com.kodilla.jdbc.DbManagerTestSuite" tests="3" skipped="0" failures="0" errors="0" timestamp="2019-02-15T13:28:03" hostname="DESKTOP-DBPLNO6" time="0.224">
  <properties/>
  <testcase name="testSelectUsers" classname="com.kodilla.jdbc.DbManagerTestSuite" time="0.221"/>
  <testcase name="testConnect" classname="com.kodilla.jdbc.DbManagerTestSuite" time="0.0"/>
  <testcase name="testSelectUsersAndPosts" classname="com.kodilla.jdbc.DbManagerTestSuite" time="0.002"/>
  <system-out><![CDATA[1, John, Smith
2, Bob, Etinet
3, Mateusz, Rydlak
4, Stephanie, Kovalsky
5, Thomas, Langren
6, Zachary, Lee
7, John, Thomson

Users who have posted at least 2 posts:
John, Smith
]]></system-out>
  <system-err><![CDATA[]]></system-err>
</testsuite>
